{"level":"error","message":"https://maxenrajmeizaer.info/bundles/jquery.js 0 Resource requests whose URLs contained both removed whitespace (`\\n`, `\\r`, `\\t`) characters and less-than characters (`<`) are blocked. Please remove newlines and encode less-than characters from places like element attribute values in order to load these resources. See https://www.chromestatus.com/feature/5735596811091968 for more details.","service":"https://maxenrajmeizaer.info/"}
{"level":"error","message":"https://maxeqrjampiniaer.info/bundles/jquery.js 0 Resource requests whose URLs contained both removed whitespace (`\\n`, `\\r`, `\\t`) characters and less-than characters (`<`) are blocked. Please remove newlines and encode less-than characters from places like element attribute values in order to load these resources. See https://www.chromestatus.com/feature/5735596811091968 for more details.","service":"https://maxeqrjampiniaer.info/"}
{"level":"error","message":"https://maxenrajmeizaer.info/Content/css?v=7TaFCWRaP5-5aDLfUUw1ZKIjCsAwQzjsT5f7mg37HVo1 - Failed to load resource: the server responded with a status of 500 ()","service":"https://maxenrajmeizaer.info/home/agreement"}
{"level":"error","message":"https://maxenrajmeizaer.info/Content/css_custom?v=rfxcD2i6tGX--5BbKWlfourfUis8FntCIieTk3x-q5k1 - Failed to load resource: the server responded with a status of 500 ()","service":"https://maxenrajmeizaer.info/home/agreement"}
{"level":"error","message":"https://maxenrajmeizaer.info/bundles/modernizr?v=inCVuEFe6J4Q07A0AcRsbJic_UE5MwpRMNGcOtk94TE1 - Failed to load resource: the server responded with a status of 500 ()","service":"https://maxenrajmeizaer.info/home/agreement"}
{"level":"error","message":"https://maxenrajmeizaer.info/bundles/jquery?v=vC5U_Tp8RN30uo0SNykFjzJcAC7J5IlZNAp5kXgMHww1 - Failed to load resource: the server responded with a status of 500 ()","service":"https://maxenrajmeizaer.info/home/agreement"}
{"level":"error","message":"https://maxenrajmeizaer.info/bundles/bootstrap?v=-ktyuuYVm8reiCqek-REkH9kFQQZ53F1Ay-TXz9RIew1 - Failed to load resource: the server responded with a status of 500 ()","service":"https://maxenrajmeizaer.info/home/agreement"}
{"level":"error","message":"https://maxenrajmeizaer.info/bundles/jqueryval?v=KyQhYRVwcdlz57wYM_44uS1Wf6ZLZRm1Sqgdi6YjJtk1 - Failed to load resource: the server responded with a status of 500 ()","service":"https://maxenrajmeizaer.info/home/agreement"}
{"level":"error","message":"https://maxenrajmeizaer.info/bundles/js_custom?v=DibtjpPfkzLUnG8Osh9jfNZeLU5Van_8z4F-Up0kH9A1 - Failed to load resource: the server responded with a status of 500 ()","service":"https://maxenrajmeizaer.info/home/agreement"}
{"level":"error","message":"https://maxenrajmeizaer.info/Content/css?v=7TaFCWRaP5-5aDLfUUw1ZKIjCsAwQzjsT5f7mg37HVo1 - Failed to load resource: the server responded with a status of 500 ()","service":"https://maxenrajmeizaer.info/home/agreement"}
{"level":"error","message":"https://maxenrajmeizaer.info/Content/css_custom?v=rfxcD2i6tGX--5BbKWlfourfUis8FntCIieTk3x-q5k1 - Failed to load resource: the server responded with a status of 500 ()","service":"https://maxenrajmeizaer.info/home/agreement"}
{"level":"error","message":"https://maxenrajmeizaer.info/bundles/modernizr?v=inCVuEFe6J4Q07A0AcRsbJic_UE5MwpRMNGcOtk94TE1 - Failed to load resource: the server responded with a status of 500 ()","service":"https://maxenrajmeizaer.info/home/agreement"}
{"level":"error","message":"https://maxenrajmeizaer.info/bundles/jquery?v=vC5U_Tp8RN30uo0SNykFjzJcAC7J5IlZNAp5kXgMHww1 - Failed to load resource: the server responded with a status of 500 ()","service":"https://maxenrajmeizaer.info/home/agreement"}
{"level":"error","message":"https://maxenrajmeizaer.info/bundles/bootstrap?v=-ktyuuYVm8reiCqek-REkH9kFQQZ53F1Ay-TXz9RIew1 - Failed to load resource: the server responded with a status of 500 ()","service":"https://maxenrajmeizaer.info/home/agreement"}
{"level":"error","message":"https://maxenrajmeizaer.info/bundles/jqueryval?v=KyQhYRVwcdlz57wYM_44uS1Wf6ZLZRm1Sqgdi6YjJtk1 - Failed to load resource: the server responded with a status of 500 ()","service":"https://maxenrajmeizaer.info/home/agreement"}
{"level":"error","message":"https://maxenrajmeizaer.info/bundles/js_custom?v=DibtjpPfkzLUnG8Osh9jfNZeLU5Van_8z4F-Up0kH9A1 - Failed to load resource: the server responded with a status of 500 ()","service":"https://maxenrajmeizaer.info/home/agreement"}
{"level":"error","message":"https://maxenrajmeizaer.info/home/agreement 367:8 Uncaught ReferenceError: $ is not defined","service":"https://maxenrajmeizaer.info/home/agreement"}
{"level":"error","message":"https://maxenrajmeizaer.info/Content/css?v=7TaFCWRaP5-5aDLfUUw1ZKIjCsAwQzjsT5f7mg37HVo1 - Failed to load resource: the server responded with a status of 500 ()","service":"https://maxenrajmeizaer.info/home/risk"}
{"level":"error","message":"https://maxenrajmeizaer.info/Content/css_custom?v=rfxcD2i6tGX--5BbKWlfourfUis8FntCIieTk3x-q5k1 - Failed to load resource: the server responded with a status of 500 ()","service":"https://maxenrajmeizaer.info/home/risk"}
{"level":"error","message":"https://maxenrajmeizaer.info/bundles/modernizr?v=inCVuEFe6J4Q07A0AcRsbJic_UE5MwpRMNGcOtk94TE1 - Failed to load resource: the server responded with a status of 500 ()","service":"https://maxenrajmeizaer.info/home/risk"}
{"level":"error","message":"https://maxenrajmeizaer.info/bundles/jquery?v=vC5U_Tp8RN30uo0SNykFjzJcAC7J5IlZNAp5kXgMHww1 - Failed to load resource: the server responded with a status of 500 ()","service":"https://maxenrajmeizaer.info/home/risk"}
{"level":"error","message":"https://maxenrajmeizaer.info/bundles/bootstrap?v=-ktyuuYVm8reiCqek-REkH9kFQQZ53F1Ay-TXz9RIew1 - Failed to load resource: the server responded with a status of 500 ()","service":"https://maxenrajmeizaer.info/home/risk"}
{"level":"error","message":"https://maxenrajmeizaer.info/bundles/jqueryval?v=KyQhYRVwcdlz57wYM_44uS1Wf6ZLZRm1Sqgdi6YjJtk1 - Failed to load resource: the server responded with a status of 500 ()","service":"https://maxenrajmeizaer.info/home/risk"}
{"level":"error","message":"https://maxenrajmeizaer.info/bundles/js_custom?v=DibtjpPfkzLUnG8Osh9jfNZeLU5Van_8z4F-Up0kH9A1 - Failed to load resource: the server responded with a status of 500 ()","service":"https://maxenrajmeizaer.info/home/risk"}
{"level":"error","message":"https://maxenrajmeizaer.info/bundles/jquery?v=vC5U_Tp8RN30uo0SNykFjzJcAC7J5IlZNAp5kXgMHww1 - Failed to load resource: the server responded with a status of 500 ()","service":"https://maxenrajmeizaer.info/home/risk"}
{"level":"error","message":"https://maxenrajmeizaer.info/bundles/bootstrap?v=-ktyuuYVm8reiCqek-REkH9kFQQZ53F1Ay-TXz9RIew1 - Failed to load resource: the server responded with a status of 500 ()","service":"https://maxenrajmeizaer.info/home/risk"}
{"level":"error","message":"https://maxenrajmeizaer.info/bundles/jqueryval?v=KyQhYRVwcdlz57wYM_44uS1Wf6ZLZRm1Sqgdi6YjJtk1 - Failed to load resource: the server responded with a status of 500 ()","service":"https://maxenrajmeizaer.info/home/risk"}
{"level":"error","message":"https://maxenrajmeizaer.info/bundles/js_custom?v=DibtjpPfkzLUnG8Osh9jfNZeLU5Van_8z4F-Up0kH9A1 - Failed to load resource: the server responded with a status of 500 ()","service":"https://maxenrajmeizaer.info/home/risk"}
{"level":"error","message":"https://maxenrajmeizaer.info/home/risk 173:8 Uncaught ReferenceError: $ is not defined","service":"https://maxenrajmeizaer.info/home/risk"}
{"level":"error","message":"https://maxeramcmiaer.info/bundles/jquery.js 0 Resource requests whose URLs contained both removed whitespace (`\\n`, `\\r`, `\\t`) characters and less-than characters (`<`) are blocked. Please remove newlines and encode less-than characters from places like element attribute values in order to load these resources. See https://www.chromestatus.com/feature/5735596811091968 for more details.","service":"https://maxeramcmiaer.info/"}
{"level":"error","message":"https://maxenrajmeizaer.info/Content/css?v=7TaFCWRaP5-5aDLfUUw1ZKIjCsAwQzjsT5f7mg37HVo1 - Failed to load resource: the server responded with a status of 500 ()","service":"https://maxenrajmeizaer.info/home/policy"}
{"level":"error","message":"https://maxenrajmeizaer.info/Content/css_custom?v=rfxcD2i6tGX--5BbKWlfourfUis8FntCIieTk3x-q5k1 - Failed to load resource: the server responded with a status of 500 ()","service":"https://maxenrajmeizaer.info/home/policy"}
{"level":"error","message":"https://maxenrajmeizaer.info/bundles/modernizr?v=inCVuEFe6J4Q07A0AcRsbJic_UE5MwpRMNGcOtk94TE1 - Failed to load resource: the server responded with a status of 500 ()","service":"https://maxenrajmeizaer.info/home/policy"}
{"level":"error","message":"https://maxenrajmeizaer.info/bundles/jquery?v=vC5U_Tp8RN30uo0SNykFjzJcAC7J5IlZNAp5kXgMHww1 - Failed to load resource: the server responded with a status of 500 ()","service":"https://maxenrajmeizaer.info/home/policy"}
{"level":"error","message":"https://maxenrajmeizaer.info/bundles/bootstrap?v=-ktyuuYVm8reiCqek-REkH9kFQQZ53F1Ay-TXz9RIew1 - Failed to load resource: the server responded with a status of 500 ()","service":"https://maxenrajmeizaer.info/home/policy"}
{"level":"error","message":"https://maxenrajmeizaer.info/bundles/jqueryval?v=KyQhYRVwcdlz57wYM_44uS1Wf6ZLZRm1Sqgdi6YjJtk1 - Failed to load resource: the server responded with a status of 500 ()","service":"https://maxenrajmeizaer.info/home/policy"}
{"level":"error","message":"https://maxenrajmeizaer.info/bundles/js_custom?v=DibtjpPfkzLUnG8Osh9jfNZeLU5Van_8z4F-Up0kH9A1 - Failed to load resource: the server responded with a status of 500 ()","service":"https://maxenrajmeizaer.info/home/policy"}
{"level":"error","message":"https://maxenrajmeizaer.info/bundles/jquery?v=vC5U_Tp8RN30uo0SNykFjzJcAC7J5IlZNAp5kXgMHww1 - Failed to load resource: the server responded with a status of 500 ()","service":"https://maxenrajmeizaer.info/home/policy"}
{"level":"error","message":"https://maxenrajmeizaer.info/bundles/bootstrap?v=-ktyuuYVm8reiCqek-REkH9kFQQZ53F1Ay-TXz9RIew1 - Failed to load resource: the server responded with a status of 500 ()","service":"https://maxenrajmeizaer.info/home/policy"}
{"level":"error","message":"https://maxenrajmeizaer.info/bundles/jqueryval?v=KyQhYRVwcdlz57wYM_44uS1Wf6ZLZRm1Sqgdi6YjJtk1 - Failed to load resource: the server responded with a status of 500 ()","service":"https://maxenrajmeizaer.info/home/policy"}
{"level":"error","message":"https://maxenrajmeizaer.info/bundles/js_custom?v=DibtjpPfkzLUnG8Osh9jfNZeLU5Van_8z4F-Up0kH9A1 - Failed to load resource: the server responded with a status of 500 ()","service":"https://maxenrajmeizaer.info/home/policy"}
{"level":"error","message":"https://maxenrajmeizaer.info/home/policy 235:8 Uncaught ReferenceError: $ is not defined","service":"https://maxenrajmeizaer.info/home/policy"}
{"level":"error","message":"https://maxeqrjampiniaer.info/Content/css?v=7TaFCWRaP5-5aDLfUUw1ZKIjCsAwQzjsT5f7mg37HVo1 - Failed to load resource: the server responded with a status of 500 ()","service":"https://maxeqrjampiniaer.info/home/agreement"}
{"level":"error","message":"https://maxeqrjampiniaer.info/Content/css_custom?v=rfxcD2i6tGX--5BbKWlfourfUis8FntCIieTk3x-q5k1 - Failed to load resource: the server responded with a status of 500 ()","service":"https://maxeqrjampiniaer.info/home/agreement"}
{"level":"error","message":"https://maxeqrjampiniaer.info/bundles/modernizr?v=inCVuEFe6J4Q07A0AcRsbJic_UE5MwpRMNGcOtk94TE1 - Failed to load resource: the server responded with a status of 500 ()","service":"https://maxeqrjampiniaer.info/home/agreement"}
{"level":"error","message":"https://maxeqrjampiniaer.info/bundles/jquery?v=vC5U_Tp8RN30uo0SNykFjzJcAC7J5IlZNAp5kXgMHww1 - Failed to load resource: the server responded with a status of 500 ()","service":"https://maxeqrjampiniaer.info/home/agreement"}
{"level":"error","message":"https://maxeqrjampiniaer.info/bundles/bootstrap?v=-ktyuuYVm8reiCqek-REkH9kFQQZ53F1Ay-TXz9RIew1 - Failed to load resource: the server responded with a status of 500 ()","service":"https://maxeqrjampiniaer.info/home/agreement"}
{"level":"error","message":"https://maxeqrjampiniaer.info/bundles/jqueryval?v=KyQhYRVwcdlz57wYM_44uS1Wf6ZLZRm1Sqgdi6YjJtk1 - Failed to load resource: the server responded with a status of 500 ()","service":"https://maxeqrjampiniaer.info/home/agreement"}
{"level":"error","message":"https://maxeqrjampiniaer.info/bundles/js_custom?v=DibtjpPfkzLUnG8Osh9jfNZeLU5Van_8z4F-Up0kH9A1 - Failed to load resource: the server responded with a status of 500 ()","service":"https://maxeqrjampiniaer.info/home/agreement"}
{"level":"error","message":"https://maxeqrjampiniaer.info/Content/css?v=7TaFCWRaP5-5aDLfUUw1ZKIjCsAwQzjsT5f7mg37HVo1 - Failed to load resource: the server responded with a status of 500 ()","service":"https://maxeqrjampiniaer.info/home/agreement"}
{"level":"error","message":"https://maxeqrjampiniaer.info/Content/css_custom?v=rfxcD2i6tGX--5BbKWlfourfUis8FntCIieTk3x-q5k1 - Failed to load resource: the server responded with a status of 500 ()","service":"https://maxeqrjampiniaer.info/home/agreement"}
{"level":"error","message":"https://maxeqrjampiniaer.info/bundles/modernizr?v=inCVuEFe6J4Q07A0AcRsbJic_UE5MwpRMNGcOtk94TE1 - Failed to load resource: the server responded with a status of 500 ()","service":"https://maxeqrjampiniaer.info/home/agreement"}
{"level":"error","message":"https://maxeqrjampiniaer.info/bundles/jquery?v=vC5U_Tp8RN30uo0SNykFjzJcAC7J5IlZNAp5kXgMHww1 - Failed to load resource: the server responded with a status of 500 ()","service":"https://maxeqrjampiniaer.info/home/agreement"}
{"level":"error","message":"https://maxeqrjampiniaer.info/bundles/bootstrap?v=-ktyuuYVm8reiCqek-REkH9kFQQZ53F1Ay-TXz9RIew1 - Failed to load resource: the server responded with a status of 500 ()","service":"https://maxeqrjampiniaer.info/home/agreement"}
{"level":"error","message":"https://maxeqrjampiniaer.info/bundles/jqueryval?v=KyQhYRVwcdlz57wYM_44uS1Wf6ZLZRm1Sqgdi6YjJtk1 - Failed to load resource: the server responded with a status of 500 ()","service":"https://maxeqrjampiniaer.info/home/agreement"}
{"level":"error","message":"https://maxeqrjampiniaer.info/bundles/js_custom?v=DibtjpPfkzLUnG8Osh9jfNZeLU5Van_8z4F-Up0kH9A1 - Failed to load resource: the server responded with a status of 500 ()","service":"https://maxeqrjampiniaer.info/home/agreement"}
{"level":"error","message":"https://maxeqrjampiniaer.info/home/agreement 367:8 Uncaught ReferenceError: $ is not defined","service":"https://maxeqrjampiniaer.info/home/agreement"}
{"level":"error","message":"https://maxeqrjampiniaer.info/Content/css?v=7TaFCWRaP5-5aDLfUUw1ZKIjCsAwQzjsT5f7mg37HVo1 - Failed to load resource: the server responded with a status of 500 ()","service":"https://maxeqrjampiniaer.info/home/risk"}
{"level":"error","message":"https://maxeqrjampiniaer.info/Content/css_custom?v=rfxcD2i6tGX--5BbKWlfourfUis8FntCIieTk3x-q5k1 - Failed to load resource: the server responded with a status of 500 ()","service":"https://maxeqrjampiniaer.info/home/risk"}
{"level":"error","message":"https://maxeqrjampiniaer.info/bundles/modernizr?v=inCVuEFe6J4Q07A0AcRsbJic_UE5MwpRMNGcOtk94TE1 - Failed to load resource: the server responded with a status of 500 ()","service":"https://maxeqrjampiniaer.info/home/risk"}
{"level":"error","message":"https://maxeqrjampiniaer.info/bundles/jquery?v=vC5U_Tp8RN30uo0SNykFjzJcAC7J5IlZNAp5kXgMHww1 - Failed to load resource: the server responded with a status of 500 ()","service":"https://maxeqrjampiniaer.info/home/risk"}
{"level":"error","message":"https://maxeqrjampiniaer.info/bundles/bootstrap?v=-ktyuuYVm8reiCqek-REkH9kFQQZ53F1Ay-TXz9RIew1 - Failed to load resource: the server responded with a status of 500 ()","service":"https://maxeqrjampiniaer.info/home/risk"}
{"level":"error","message":"https://maxeqrjampiniaer.info/bundles/jqueryval?v=KyQhYRVwcdlz57wYM_44uS1Wf6ZLZRm1Sqgdi6YjJtk1 - Failed to load resource: the server responded with a status of 500 ()","service":"https://maxeqrjampiniaer.info/home/risk"}
{"level":"error","message":"https://maxeqrjampiniaer.info/bundles/js_custom?v=DibtjpPfkzLUnG8Osh9jfNZeLU5Van_8z4F-Up0kH9A1 - Failed to load resource: the server responded with a status of 500 ()","service":"https://maxeqrjampiniaer.info/home/risk"}
{"level":"error","message":"https://maxeqrjampiniaer.info/bundles/jquery?v=vC5U_Tp8RN30uo0SNykFjzJcAC7J5IlZNAp5kXgMHww1 - Failed to load resource: the server responded with a status of 500 ()","service":"https://maxeqrjampiniaer.info/home/risk"}
{"level":"error","message":"https://maxeqrjampiniaer.info/bundles/bootstrap?v=-ktyuuYVm8reiCqek-REkH9kFQQZ53F1Ay-TXz9RIew1 - Failed to load resource: the server responded with a status of 500 ()","service":"https://maxeqrjampiniaer.info/home/risk"}
{"level":"error","message":"https://maxeqrjampiniaer.info/bundles/jqueryval?v=KyQhYRVwcdlz57wYM_44uS1Wf6ZLZRm1Sqgdi6YjJtk1 - Failed to load resource: the server responded with a status of 500 ()","service":"https://maxeqrjampiniaer.info/home/risk"}
{"level":"error","message":"https://maxeqrjampiniaer.info/bundles/js_custom?v=DibtjpPfkzLUnG8Osh9jfNZeLU5Van_8z4F-Up0kH9A1 - Failed to load resource: the server responded with a status of 500 ()","service":"https://maxeqrjampiniaer.info/home/risk"}
{"level":"error","message":"https://maxeqrjampiniaer.info/home/risk 173:8 Uncaught ReferenceError: $ is not defined","service":"https://maxeqrjampiniaer.info/home/risk"}
{"level":"error","message":"https://maxenrajmeizaer.info/bundles/jquery.js 0 Resource requests whose URLs contained both removed whitespace (`\\n`, `\\r`, `\\t`) characters and less-than characters (`<`) are blocked. Please remove newlines and encode less-than characters from places like element attribute values in order to load these resources. See https://www.chromestatus.com/feature/5735596811091968 for more details.","service":"https://maxenrajmeizaer.info/"}
{"level":"error","message":"https://maxenrajmeizaer.info/Content/css?v=7TaFCWRaP5-5aDLfUUw1ZKIjCsAwQzjsT5f7mg37HVo1 - Failed to load resource: the server responded with a status of 500 ()","service":"https://maxenrajmeizaer.info/home/agreement"}
{"level":"error","message":"https://maxenrajmeizaer.info/Content/css_custom?v=rfxcD2i6tGX--5BbKWlfourfUis8FntCIieTk3x-q5k1 - Failed to load resource: the server responded with a status of 500 ()","service":"https://maxenrajmeizaer.info/home/agreement"}
{"level":"error","message":"https://maxenrajmeizaer.info/bundles/modernizr?v=inCVuEFe6J4Q07A0AcRsbJic_UE5MwpRMNGcOtk94TE1 - Failed to load resource: the server responded with a status of 500 ()","service":"https://maxenrajmeizaer.info/home/agreement"}
{"level":"error","message":"https://maxenrajmeizaer.info/bundles/jquery?v=vC5U_Tp8RN30uo0SNykFjzJcAC7J5IlZNAp5kXgMHww1 - Failed to load resource: the server responded with a status of 500 ()","service":"https://maxenrajmeizaer.info/home/agreement"}
{"level":"error","message":"https://maxenrajmeizaer.info/bundles/bootstrap?v=-ktyuuYVm8reiCqek-REkH9kFQQZ53F1Ay-TXz9RIew1 - Failed to load resource: the server responded with a status of 500 ()","service":"https://maxenrajmeizaer.info/home/agreement"}
{"level":"error","message":"https://maxenrajmeizaer.info/bundles/jqueryval?v=KyQhYRVwcdlz57wYM_44uS1Wf6ZLZRm1Sqgdi6YjJtk1 - Failed to load resource: the server responded with a status of 500 ()","service":"https://maxenrajmeizaer.info/home/agreement"}
{"level":"error","message":"https://maxenrajmeizaer.info/bundles/js_custom?v=DibtjpPfkzLUnG8Osh9jfNZeLU5Van_8z4F-Up0kH9A1 - Failed to load resource: the server responded with a status of 500 ()","service":"https://maxenrajmeizaer.info/home/agreement"}
{"level":"error","message":"https://maxenrajmeizaer.info/home/agreement 367:8 Uncaught ReferenceError: $ is not defined","service":"https://maxenrajmeizaer.info/home/agreement"}
{"level":"error","message":"https://maxeqrjampiniaer.info/bundles/jquery.js 0 Resource requests whose URLs contained both removed whitespace (`\\n`, `\\r`, `\\t`) characters and less-than characters (`<`) are blocked. Please remove newlines and encode less-than characters from places like element attribute values in order to load these resources. See https://www.chromestatus.com/feature/5735596811091968 for more details.","service":"https://maxeqrjampiniaer.info/"}
{"level":"error","message":"https://maxenrajmeizaer.info/Content/css?v=7TaFCWRaP5-5aDLfUUw1ZKIjCsAwQzjsT5f7mg37HVo1 - Failed to load resource: the server responded with a status of 500 ()","service":"https://maxenrajmeizaer.info/home/risk"}
{"level":"error","message":"https://maxenrajmeizaer.info/Content/css_custom?v=rfxcD2i6tGX--5BbKWlfourfUis8FntCIieTk3x-q5k1 - Failed to load resource: the server responded with a status of 500 ()","service":"https://maxenrajmeizaer.info/home/risk"}
{"level":"error","message":"https://maxenrajmeizaer.info/bundles/modernizr?v=inCVuEFe6J4Q07A0AcRsbJic_UE5MwpRMNGcOtk94TE1 - Failed to load resource: the server responded with a status of 500 ()","service":"https://maxenrajmeizaer.info/home/risk"}
{"level":"error","message":"https://maxenrajmeizaer.info/bundles/jquery?v=vC5U_Tp8RN30uo0SNykFjzJcAC7J5IlZNAp5kXgMHww1 - Failed to load resource: the server responded with a status of 500 ()","service":"https://maxenrajmeizaer.info/home/risk"}
{"level":"error","message":"https://maxenrajmeizaer.info/bundles/bootstrap?v=-ktyuuYVm8reiCqek-REkH9kFQQZ53F1Ay-TXz9RIew1 - Failed to load resource: the server responded with a status of 500 ()","service":"https://maxenrajmeizaer.info/home/risk"}
{"level":"error","message":"https://maxenrajmeizaer.info/bundles/jqueryval?v=KyQhYRVwcdlz57wYM_44uS1Wf6ZLZRm1Sqgdi6YjJtk1 - Failed to load resource: the server responded with a status of 500 ()","service":"https://maxenrajmeizaer.info/home/risk"}
{"level":"error","message":"https://maxenrajmeizaer.info/bundles/js_custom?v=DibtjpPfkzLUnG8Osh9jfNZeLU5Van_8z4F-Up0kH9A1 - Failed to load resource: the server responded with a status of 500 ()","service":"https://maxenrajmeizaer.info/home/risk"}
{"level":"error","message":"https://maxenrajmeizaer.info/bundles/jquery?v=vC5U_Tp8RN30uo0SNykFjzJcAC7J5IlZNAp5kXgMHww1 - Failed to load resource: the server responded with a status of 500 ()","service":"https://maxenrajmeizaer.info/home/risk"}
{"level":"error","message":"https://maxenrajmeizaer.info/bundles/bootstrap?v=-ktyuuYVm8reiCqek-REkH9kFQQZ53F1Ay-TXz9RIew1 - Failed to load resource: the server responded with a status of 500 ()","service":"https://maxenrajmeizaer.info/home/risk"}
{"level":"error","message":"https://maxenrajmeizaer.info/bundles/jqueryval?v=KyQhYRVwcdlz57wYM_44uS1Wf6ZLZRm1Sqgdi6YjJtk1 - Failed to load resource: the server responded with a status of 500 ()","service":"https://maxenrajmeizaer.info/home/risk"}
{"level":"error","message":"https://maxenrajmeizaer.info/bundles/js_custom?v=DibtjpPfkzLUnG8Osh9jfNZeLU5Van_8z4F-Up0kH9A1 - Failed to load resource: the server responded with a status of 500 ()","service":"https://maxenrajmeizaer.info/home/risk"}
{"level":"error","message":"https://maxenrajmeizaer.info/home/risk 173:8 Uncaught ReferenceError: $ is not defined","service":"https://maxenrajmeizaer.info/home/risk"}
{"level":"error","message":"https://mc.yandex.ru/metrika/tag.js - Failed to load resource: net::ERR_CONNECTION_CLOSED","service":"https://maxerapmimiaer.info/thanks.php"}
{"level":"error","message":"https://maxeramcmiaer.info/bundles/jquery.js 0 Resource requests whose URLs contained both removed whitespace (`\\n`, `\\r`, `\\t`) characters and less-than characters (`<`) are blocked. Please remove newlines and encode less-than characters from places like element attribute values in order to load these resources. See https://www.chromestatus.com/feature/5735596811091968 for more details.","service":"https://maxeramcmiaer.info/"}
{"level":"error","message":"https://maxenrajmeizaer.info/Content/css?v=7TaFCWRaP5-5aDLfUUw1ZKIjCsAwQzjsT5f7mg37HVo1 - Failed to load resource: the server responded with a status of 500 ()","service":"https://maxenrajmeizaer.info/home/policy"}
{"level":"error","message":"https://maxenrajmeizaer.info/Content/css_custom?v=rfxcD2i6tGX--5BbKWlfourfUis8FntCIieTk3x-q5k1 - Failed to load resource: the server responded with a status of 500 ()","service":"https://maxenrajmeizaer.info/home/policy"}
{"level":"error","message":"https://maxenrajmeizaer.info/bundles/modernizr?v=inCVuEFe6J4Q07A0AcRsbJic_UE5MwpRMNGcOtk94TE1 - Failed to load resource: the server responded with a status of 500 ()","service":"https://maxenrajmeizaer.info/home/policy"}
{"level":"error","message":"https://maxenrajmeizaer.info/bundles/jquery?v=vC5U_Tp8RN30uo0SNykFjzJcAC7J5IlZNAp5kXgMHww1 - Failed to load resource: the server responded with a status of 500 ()","service":"https://maxenrajmeizaer.info/home/policy"}
{"level":"error","message":"https://maxenrajmeizaer.info/bundles/bootstrap?v=-ktyuuYVm8reiCqek-REkH9kFQQZ53F1Ay-TXz9RIew1 - Failed to load resource: the server responded with a status of 500 ()","service":"https://maxenrajmeizaer.info/home/policy"}
{"level":"error","message":"https://maxenrajmeizaer.info/bundles/jqueryval?v=KyQhYRVwcdlz57wYM_44uS1Wf6ZLZRm1Sqgdi6YjJtk1 - Failed to load resource: the server responded with a status of 500 ()","service":"https://maxenrajmeizaer.info/home/policy"}
{"level":"error","message":"https://maxenrajmeizaer.info/bundles/js_custom?v=DibtjpPfkzLUnG8Osh9jfNZeLU5Van_8z4F-Up0kH9A1 - Failed to load resource: the server responded with a status of 500 ()","service":"https://maxenrajmeizaer.info/home/policy"}
{"level":"error","message":"https://maxenrajmeizaer.info/Content/css?v=7TaFCWRaP5-5aDLfUUw1ZKIjCsAwQzjsT5f7mg37HVo1 - Failed to load resource: the server responded with a status of 500 ()","service":"https://maxenrajmeizaer.info/home/policy"}
{"level":"error","message":"https://maxenrajmeizaer.info/Content/css_custom?v=rfxcD2i6tGX--5BbKWlfourfUis8FntCIieTk3x-q5k1 - Failed to load resource: the server responded with a status of 500 ()","service":"https://maxenrajmeizaer.info/home/policy"}
{"level":"error","message":"https://maxenrajmeizaer.info/bundles/modernizr?v=inCVuEFe6J4Q07A0AcRsbJic_UE5MwpRMNGcOtk94TE1 - Failed to load resource: the server responded with a status of 500 ()","service":"https://maxenrajmeizaer.info/home/policy"}
{"level":"error","message":"https://maxenrajmeizaer.info/bundles/jquery?v=vC5U_Tp8RN30uo0SNykFjzJcAC7J5IlZNAp5kXgMHww1 - Failed to load resource: the server responded with a status of 500 ()","service":"https://maxenrajmeizaer.info/home/policy"}
{"level":"error","message":"https://maxenrajmeizaer.info/bundles/bootstrap?v=-ktyuuYVm8reiCqek-REkH9kFQQZ53F1Ay-TXz9RIew1 - Failed to load resource: the server responded with a status of 500 ()","service":"https://maxenrajmeizaer.info/home/policy"}
{"level":"error","message":"https://maxenrajmeizaer.info/bundles/jqueryval?v=KyQhYRVwcdlz57wYM_44uS1Wf6ZLZRm1Sqgdi6YjJtk1 - Failed to load resource: the server responded with a status of 500 ()","service":"https://maxenrajmeizaer.info/home/policy"}
{"level":"error","message":"https://maxenrajmeizaer.info/bundles/js_custom?v=DibtjpPfkzLUnG8Osh9jfNZeLU5Van_8z4F-Up0kH9A1 - Failed to load resource: the server responded with a status of 500 ()","service":"https://maxenrajmeizaer.info/home/policy"}
{"level":"error","message":"https://maxenrajmeizaer.info/home/policy 235:8 Uncaught ReferenceError: $ is not defined","service":"https://maxenrajmeizaer.info/home/policy"}
{"level":"error","message":"https://maxeqrjampiniaer.info/Content/css?v=7TaFCWRaP5-5aDLfUUw1ZKIjCsAwQzjsT5f7mg37HVo1 - Failed to load resource: the server responded with a status of 500 ()","service":"https://maxeqrjampiniaer.info/home/agreement"}
{"level":"error","message":"https://maxeqrjampiniaer.info/Content/css_custom?v=rfxcD2i6tGX--5BbKWlfourfUis8FntCIieTk3x-q5k1 - Failed to load resource: the server responded with a status of 500 ()","service":"https://maxeqrjampiniaer.info/home/agreement"}
{"level":"error","message":"https://maxeqrjampiniaer.info/bundles/modernizr?v=inCVuEFe6J4Q07A0AcRsbJic_UE5MwpRMNGcOtk94TE1 - Failed to load resource: the server responded with a status of 500 ()","service":"https://maxeqrjampiniaer.info/home/agreement"}
{"level":"error","message":"https://maxeqrjampiniaer.info/bundles/jquery?v=vC5U_Tp8RN30uo0SNykFjzJcAC7J5IlZNAp5kXgMHww1 - Failed to load resource: the server responded with a status of 500 ()","service":"https://maxeqrjampiniaer.info/home/agreement"}
{"level":"error","message":"https://maxeqrjampiniaer.info/bundles/bootstrap?v=-ktyuuYVm8reiCqek-REkH9kFQQZ53F1Ay-TXz9RIew1 - Failed to load resource: the server responded with a status of 500 ()","service":"https://maxeqrjampiniaer.info/home/agreement"}
{"level":"error","message":"https://maxeqrjampiniaer.info/bundles/jqueryval?v=KyQhYRVwcdlz57wYM_44uS1Wf6ZLZRm1Sqgdi6YjJtk1 - Failed to load resource: the server responded with a status of 500 ()","service":"https://maxeqrjampiniaer.info/home/agreement"}
{"level":"error","message":"https://maxeqrjampiniaer.info/bundles/js_custom?v=DibtjpPfkzLUnG8Osh9jfNZeLU5Van_8z4F-Up0kH9A1 - Failed to load resource: the server responded with a status of 500 ()","service":"https://maxeqrjampiniaer.info/home/agreement"}
{"level":"error","message":"https://maxeqrjampiniaer.info/home/agreement 367:8 Uncaught ReferenceError: $ is not defined","service":"https://maxeqrjampiniaer.info/home/agreement"}
{"level":"error","message":"https://maxeqrjampiniaer.info/Content/css?v=7TaFCWRaP5-5aDLfUUw1ZKIjCsAwQzjsT5f7mg37HVo1 - Failed to load resource: the server responded with a status of 500 ()","service":"https://maxeqrjampiniaer.info/home/risk"}
{"level":"error","message":"https://maxeqrjampiniaer.info/Content/css_custom?v=rfxcD2i6tGX--5BbKWlfourfUis8FntCIieTk3x-q5k1 - Failed to load resource: the server responded with a status of 500 ()","service":"https://maxeqrjampiniaer.info/home/risk"}
{"level":"error","message":"https://maxeqrjampiniaer.info/bundles/modernizr?v=inCVuEFe6J4Q07A0AcRsbJic_UE5MwpRMNGcOtk94TE1 - Failed to load resource: the server responded with a status of 500 ()","service":"https://maxeqrjampiniaer.info/home/risk"}
{"level":"error","message":"https://maxeqrjampiniaer.info/bundles/jquery?v=vC5U_Tp8RN30uo0SNykFjzJcAC7J5IlZNAp5kXgMHww1 - Failed to load resource: the server responded with a status of 500 ()","service":"https://maxeqrjampiniaer.info/home/risk"}
{"level":"error","message":"https://maxeqrjampiniaer.info/bundles/bootstrap?v=-ktyuuYVm8reiCqek-REkH9kFQQZ53F1Ay-TXz9RIew1 - Failed to load resource: the server responded with a status of 500 ()","service":"https://maxeqrjampiniaer.info/home/risk"}
{"level":"error","message":"https://maxeqrjampiniaer.info/bundles/jqueryval?v=KyQhYRVwcdlz57wYM_44uS1Wf6ZLZRm1Sqgdi6YjJtk1 - Failed to load resource: the server responded with a status of 500 ()","service":"https://maxeqrjampiniaer.info/home/risk"}
{"level":"error","message":"https://maxeqrjampiniaer.info/bundles/js_custom?v=DibtjpPfkzLUnG8Osh9jfNZeLU5Van_8z4F-Up0kH9A1 - Failed to load resource: the server responded with a status of 500 ()","service":"https://maxeqrjampiniaer.info/home/risk"}
{"level":"error","message":"https://maxeqrjampiniaer.info/bundles/jquery?v=vC5U_Tp8RN30uo0SNykFjzJcAC7J5IlZNAp5kXgMHww1 - Failed to load resource: the server responded with a status of 500 ()","service":"https://maxeqrjampiniaer.info/home/risk"}
{"level":"error","message":"https://maxeqrjampiniaer.info/bundles/bootstrap?v=-ktyuuYVm8reiCqek-REkH9kFQQZ53F1Ay-TXz9RIew1 - Failed to load resource: the server responded with a status of 500 ()","service":"https://maxeqrjampiniaer.info/home/risk"}
{"level":"error","message":"https://maxeqrjampiniaer.info/bundles/jqueryval?v=KyQhYRVwcdlz57wYM_44uS1Wf6ZLZRm1Sqgdi6YjJtk1 - Failed to load resource: the server responded with a status of 500 ()","service":"https://maxeqrjampiniaer.info/home/risk"}
{"level":"error","message":"https://maxeqrjampiniaer.info/bundles/js_custom?v=DibtjpPfkzLUnG8Osh9jfNZeLU5Van_8z4F-Up0kH9A1 - Failed to load resource: the server responded with a status of 500 ()","service":"https://maxeqrjampiniaer.info/home/risk"}
{"level":"error","message":"https://maxeqrjampiniaer.info/home/risk 173:8 Uncaught ReferenceError: $ is not defined","service":"https://maxeqrjampiniaer.info/home/risk"}
{"level":"error","message":"https://maxeqrjampiniaer.info/Content/css?v=7TaFCWRaP5-5aDLfUUw1ZKIjCsAwQzjsT5f7mg37HVo1 - Failed to load resource: the server responded with a status of 500 ()","service":"https://maxeqrjampiniaer.info/home/policy"}
{"level":"error","message":"https://maxeqrjampiniaer.info/Content/css_custom?v=rfxcD2i6tGX--5BbKWlfourfUis8FntCIieTk3x-q5k1 - Failed to load resource: the server responded with a status of 500 ()","service":"https://maxeqrjampiniaer.info/home/policy"}
{"level":"error","message":"https://maxeqrjampiniaer.info/bundles/modernizr?v=inCVuEFe6J4Q07A0AcRsbJic_UE5MwpRMNGcOtk94TE1 - Failed to load resource: the server responded with a status of 500 ()","service":"https://maxeqrjampiniaer.info/home/policy"}
{"level":"error","message":"https://maxeqrjampiniaer.info/bundles/jquery?v=vC5U_Tp8RN30uo0SNykFjzJcAC7J5IlZNAp5kXgMHww1 - Failed to load resource: the server responded with a status of 500 ()","service":"https://maxeqrjampiniaer.info/home/policy"}
{"level":"error","message":"https://maxeqrjampiniaer.info/bundles/bootstrap?v=-ktyuuYVm8reiCqek-REkH9kFQQZ53F1Ay-TXz9RIew1 - Failed to load resource: the server responded with a status of 500 ()","service":"https://maxeqrjampiniaer.info/home/policy"}
{"level":"error","message":"https://maxeqrjampiniaer.info/bundles/jqueryval?v=KyQhYRVwcdlz57wYM_44uS1Wf6ZLZRm1Sqgdi6YjJtk1 - Failed to load resource: the server responded with a status of 500 ()","service":"https://maxeqrjampiniaer.info/home/policy"}
{"level":"error","message":"https://maxeqrjampiniaer.info/bundles/js_custom?v=DibtjpPfkzLUnG8Osh9jfNZeLU5Van_8z4F-Up0kH9A1 - Failed to load resource: the server responded with a status of 500 ()","service":"https://maxeqrjampiniaer.info/home/policy"}
{"level":"error","message":"https://maxeqrjampiniaer.info/bundles/jquery?v=vC5U_Tp8RN30uo0SNykFjzJcAC7J5IlZNAp5kXgMHww1 - Failed to load resource: the server responded with a status of 500 ()","service":"https://maxeqrjampiniaer.info/home/policy"}
{"level":"error","message":"https://maxeqrjampiniaer.info/bundles/bootstrap?v=-ktyuuYVm8reiCqek-REkH9kFQQZ53F1Ay-TXz9RIew1 - Failed to load resource: the server responded with a status of 500 ()","service":"https://maxeqrjampiniaer.info/home/policy"}
{"level":"error","message":"https://maxeqrjampiniaer.info/bundles/jqueryval?v=KyQhYRVwcdlz57wYM_44uS1Wf6ZLZRm1Sqgdi6YjJtk1 - Failed to load resource: the server responded with a status of 500 ()","service":"https://maxeqrjampiniaer.info/home/policy"}
{"level":"error","message":"https://maxeqrjampiniaer.info/bundles/js_custom?v=DibtjpPfkzLUnG8Osh9jfNZeLU5Van_8z4F-Up0kH9A1 - Failed to load resource: the server responded with a status of 500 ()","service":"https://maxeqrjampiniaer.info/home/policy"}
{"level":"error","message":"https://maxeqrjampiniaer.info/home/policy 235:8 Uncaught ReferenceError: $ is not defined","service":"https://maxeqrjampiniaer.info/home/policy"}
{"level":"error","message":"https://maxerapmimiaer.info/bundles/jquery.js 0 Resource requests whose URLs contained both removed whitespace (`\\n`, `\\r`, `\\t`) characters and less-than characters (`<`) are blocked. Please remove newlines and encode less-than characters from places like element attribute values in order to load these resources. See https://www.chromestatus.com/feature/5735596811091968 for more details.","service":"https://maxerapmimiaer.info/"}
{"level":"error","message":"https://maxeramcmiaer.info/Content/css?v=7TaFCWRaP5-5aDLfUUw1ZKIjCsAwQzjsT5f7mg37HVo1 - Failed to load resource: the server responded with a status of 500 ()","service":"https://maxeramcmiaer.info/home/agreement"}
{"level":"error","message":"https://maxeramcmiaer.info/Content/css_custom?v=rfxcD2i6tGX--5BbKWlfourfUis8FntCIieTk3x-q5k1 - Failed to load resource: the server responded with a status of 500 ()","service":"https://maxeramcmiaer.info/home/agreement"}
{"level":"error","message":"https://maxeramcmiaer.info/bundles/modernizr?v=inCVuEFe6J4Q07A0AcRsbJic_UE5MwpRMNGcOtk94TE1 - Failed to load resource: the server responded with a status of 500 ()","service":"https://maxeramcmiaer.info/home/agreement"}
{"level":"error","message":"https://maxeramcmiaer.info/bundles/jquery?v=vC5U_Tp8RN30uo0SNykFjzJcAC7J5IlZNAp5kXgMHww1 - Failed to load resource: the server responded with a status of 500 ()","service":"https://maxeramcmiaer.info/home/agreement"}
{"level":"error","message":"https://maxeramcmiaer.info/bundles/bootstrap?v=-ktyuuYVm8reiCqek-REkH9kFQQZ53F1Ay-TXz9RIew1 - Failed to load resource: the server responded with a status of 500 ()","service":"https://maxeramcmiaer.info/home/agreement"}
{"level":"error","message":"https://maxeramcmiaer.info/bundles/jqueryval?v=KyQhYRVwcdlz57wYM_44uS1Wf6ZLZRm1Sqgdi6YjJtk1 - Failed to load resource: the server responded with a status of 500 ()","service":"https://maxeramcmiaer.info/home/agreement"}
{"level":"error","message":"https://maxeramcmiaer.info/bundles/js_custom?v=DibtjpPfkzLUnG8Osh9jfNZeLU5Van_8z4F-Up0kH9A1 - Failed to load resource: the server responded with a status of 500 ()","service":"https://maxeramcmiaer.info/home/agreement"}
{"level":"error","message":"https://maxeramcmiaer.info/bundles/jquery?v=vC5U_Tp8RN30uo0SNykFjzJcAC7J5IlZNAp5kXgMHww1 - Failed to load resource: the server responded with a status of 500 ()","service":"https://maxeramcmiaer.info/home/agreement"}
{"level":"error","message":"https://maxeramcmiaer.info/bundles/bootstrap?v=-ktyuuYVm8reiCqek-REkH9kFQQZ53F1Ay-TXz9RIew1 - Failed to load resource: the server responded with a status of 500 ()","service":"https://maxeramcmiaer.info/home/agreement"}
{"level":"error","message":"https://maxeramcmiaer.info/bundles/jqueryval?v=KyQhYRVwcdlz57wYM_44uS1Wf6ZLZRm1Sqgdi6YjJtk1 - Failed to load resource: the server responded with a status of 500 ()","service":"https://maxeramcmiaer.info/home/agreement"}
{"level":"error","message":"https://maxeramcmiaer.info/bundles/js_custom?v=DibtjpPfkzLUnG8Osh9jfNZeLU5Van_8z4F-Up0kH9A1 - Failed to load resource: the server responded with a status of 500 ()","service":"https://maxeramcmiaer.info/home/agreement"}
{"level":"error","message":"https://maxeramcmiaer.info/home/agreement 367:8 Uncaught ReferenceError: $ is not defined","service":"https://maxeramcmiaer.info/home/agreement"}
{"level":"error","message":"https://maxeramcmiaer.info/Content/css?v=7TaFCWRaP5-5aDLfUUw1ZKIjCsAwQzjsT5f7mg37HVo1 - Failed to load resource: the server responded with a status of 500 ()","service":"https://maxeramcmiaer.info/home/risk"}
{"level":"error","message":"https://maxeramcmiaer.info/Content/css_custom?v=rfxcD2i6tGX--5BbKWlfourfUis8FntCIieTk3x-q5k1 - Failed to load resource: the server responded with a status of 500 ()","service":"https://maxeramcmiaer.info/home/risk"}
{"level":"error","message":"https://maxeramcmiaer.info/bundles/modernizr?v=inCVuEFe6J4Q07A0AcRsbJic_UE5MwpRMNGcOtk94TE1 - Failed to load resource: the server responded with a status of 500 ()","service":"https://maxeramcmiaer.info/home/risk"}
{"level":"error","message":"https://maxeramcmiaer.info/bundles/jquery?v=vC5U_Tp8RN30uo0SNykFjzJcAC7J5IlZNAp5kXgMHww1 - Failed to load resource: the server responded with a status of 500 ()","service":"https://maxeramcmiaer.info/home/risk"}
{"level":"error","message":"https://maxeramcmiaer.info/bundles/bootstrap?v=-ktyuuYVm8reiCqek-REkH9kFQQZ53F1Ay-TXz9RIew1 - Failed to load resource: the server responded with a status of 500 ()","service":"https://maxeramcmiaer.info/home/risk"}
{"level":"error","message":"https://maxeramcmiaer.info/bundles/jqueryval?v=KyQhYRVwcdlz57wYM_44uS1Wf6ZLZRm1Sqgdi6YjJtk1 - Failed to load resource: the server responded with a status of 500 ()","service":"https://maxeramcmiaer.info/home/risk"}
{"level":"error","message":"https://maxeramcmiaer.info/bundles/js_custom?v=DibtjpPfkzLUnG8Osh9jfNZeLU5Van_8z4F-Up0kH9A1 - Failed to load resource: the server responded with a status of 500 ()","service":"https://maxeramcmiaer.info/home/risk"}
{"level":"error","message":"https://maxeramcmiaer.info/bundles/jquery?v=vC5U_Tp8RN30uo0SNykFjzJcAC7J5IlZNAp5kXgMHww1 - Failed to load resource: the server responded with a status of 500 ()","service":"https://maxeramcmiaer.info/home/risk"}
{"level":"error","message":"https://maxeramcmiaer.info/bundles/bootstrap?v=-ktyuuYVm8reiCqek-REkH9kFQQZ53F1Ay-TXz9RIew1 - Failed to load resource: the server responded with a status of 500 ()","service":"https://maxeramcmiaer.info/home/risk"}
{"level":"error","message":"https://maxeramcmiaer.info/bundles/jqueryval?v=KyQhYRVwcdlz57wYM_44uS1Wf6ZLZRm1Sqgdi6YjJtk1 - Failed to load resource: the server responded with a status of 500 ()","service":"https://maxeramcmiaer.info/home/risk"}
{"level":"error","message":"https://maxeramcmiaer.info/bundles/js_custom?v=DibtjpPfkzLUnG8Osh9jfNZeLU5Van_8z4F-Up0kH9A1 - Failed to load resource: the server responded with a status of 500 ()","service":"https://maxeramcmiaer.info/home/risk"}
{"level":"error","message":"https://maxeramcmiaer.info/home/risk 173:8 Uncaught ReferenceError: $ is not defined","service":"https://maxeramcmiaer.info/home/risk"}
{"level":"error","message":"https://maxeramcmiaer.info/Content/css?v=7TaFCWRaP5-5aDLfUUw1ZKIjCsAwQzjsT5f7mg37HVo1 - Failed to load resource: the server responded with a status of 500 ()","service":"https://maxeramcmiaer.info/home/policy"}
{"level":"error","message":"https://maxeramcmiaer.info/Content/css_custom?v=rfxcD2i6tGX--5BbKWlfourfUis8FntCIieTk3x-q5k1 - Failed to load resource: the server responded with a status of 500 ()","service":"https://maxeramcmiaer.info/home/policy"}
{"level":"error","message":"https://maxeramcmiaer.info/bundles/modernizr?v=inCVuEFe6J4Q07A0AcRsbJic_UE5MwpRMNGcOtk94TE1 - Failed to load resource: the server responded with a status of 500 ()","service":"https://maxeramcmiaer.info/home/policy"}
{"level":"error","message":"https://maxeramcmiaer.info/bundles/jquery?v=vC5U_Tp8RN30uo0SNykFjzJcAC7J5IlZNAp5kXgMHww1 - Failed to load resource: the server responded with a status of 500 ()","service":"https://maxeramcmiaer.info/home/policy"}
{"level":"error","message":"https://maxeramcmiaer.info/bundles/bootstrap?v=-ktyuuYVm8reiCqek-REkH9kFQQZ53F1Ay-TXz9RIew1 - Failed to load resource: the server responded with a status of 500 ()","service":"https://maxeramcmiaer.info/home/policy"}
{"level":"error","message":"https://maxeramcmiaer.info/bundles/jqueryval?v=KyQhYRVwcdlz57wYM_44uS1Wf6ZLZRm1Sqgdi6YjJtk1 - Failed to load resource: the server responded with a status of 500 ()","service":"https://maxeramcmiaer.info/home/policy"}
{"level":"error","message":"https://maxeramcmiaer.info/bundles/js_custom?v=DibtjpPfkzLUnG8Osh9jfNZeLU5Van_8z4F-Up0kH9A1 - Failed to load resource: the server responded with a status of 500 ()","service":"https://maxeramcmiaer.info/home/policy"}
{"level":"error","message":"https://maxeramcmiaer.info/bundles/jquery?v=vC5U_Tp8RN30uo0SNykFjzJcAC7J5IlZNAp5kXgMHww1 - Failed to load resource: the server responded with a status of 500 ()","service":"https://maxeramcmiaer.info/home/policy"}
{"level":"error","message":"https://maxeramcmiaer.info/bundles/bootstrap?v=-ktyuuYVm8reiCqek-REkH9kFQQZ53F1Ay-TXz9RIew1 - Failed to load resource: the server responded with a status of 500 ()","service":"https://maxeramcmiaer.info/home/policy"}
{"level":"error","message":"https://maxeramcmiaer.info/bundles/jqueryval?v=KyQhYRVwcdlz57wYM_44uS1Wf6ZLZRm1Sqgdi6YjJtk1 - Failed to load resource: the server responded with a status of 500 ()","service":"https://maxeramcmiaer.info/home/policy"}
{"level":"error","message":"https://maxeramcmiaer.info/bundles/js_custom?v=DibtjpPfkzLUnG8Osh9jfNZeLU5Van_8z4F-Up0kH9A1 - Failed to load resource: the server responded with a status of 500 ()","service":"https://maxeramcmiaer.info/home/policy"}
{"level":"error","message":"https://maxeramcmiaer.info/home/policy 235:8 Uncaught ReferenceError: $ is not defined","service":"https://maxeramcmiaer.info/home/policy"}
{"level":"error","message":"https://maxerasmiaer.info/bundles/jquery.js 0 Resource requests whose URLs contained both removed whitespace (`\\n`, `\\r`, `\\t`) characters and less-than characters (`<`) are blocked. Please remove newlines and encode less-than characters from places like element attribute values in order to load these resources. See https://www.chromestatus.com/feature/5735596811091968 for more details.","service":"https://maxerasmiaer.info/"}
{"level":"error","message":"https://maxerapmimiaer.info/Content/css?v=7TaFCWRaP5-5aDLfUUw1ZKIjCsAwQzjsT5f7mg37HVo1 - Failed to load resource: the server responded with a status of 500 ()","service":"https://maxerapmimiaer.info/home/agreement"}
{"level":"error","message":"https://maxerapmimiaer.info/Content/css_custom?v=rfxcD2i6tGX--5BbKWlfourfUis8FntCIieTk3x-q5k1 - Failed to load resource: the server responded with a status of 500 ()","service":"https://maxerapmimiaer.info/home/agreement"}
{"level":"error","message":"https://maxerapmimiaer.info/bundles/modernizr?v=inCVuEFe6J4Q07A0AcRsbJic_UE5MwpRMNGcOtk94TE1 - Failed to load resource: the server responded with a status of 500 ()","service":"https://maxerapmimiaer.info/home/agreement"}
{"level":"error","message":"https://maxerapmimiaer.info/bundles/jquery?v=vC5U_Tp8RN30uo0SNykFjzJcAC7J5IlZNAp5kXgMHww1 - Failed to load resource: the server responded with a status of 500 ()","service":"https://maxerapmimiaer.info/home/agreement"}
{"level":"error","message":"https://maxerapmimiaer.info/bundles/bootstrap?v=-ktyuuYVm8reiCqek-REkH9kFQQZ53F1Ay-TXz9RIew1 - Failed to load resource: the server responded with a status of 500 ()","service":"https://maxerapmimiaer.info/home/agreement"}
{"level":"error","message":"https://maxerapmimiaer.info/bundles/jqueryval?v=KyQhYRVwcdlz57wYM_44uS1Wf6ZLZRm1Sqgdi6YjJtk1 - Failed to load resource: the server responded with a status of 500 ()","service":"https://maxerapmimiaer.info/home/agreement"}
{"level":"error","message":"https://maxerapmimiaer.info/bundles/js_custom?v=DibtjpPfkzLUnG8Osh9jfNZeLU5Van_8z4F-Up0kH9A1 - Failed to load resource: the server responded with a status of 500 ()","service":"https://maxerapmimiaer.info/home/agreement"}
{"level":"error","message":"https://maxerapmimiaer.info/Content/css?v=7TaFCWRaP5-5aDLfUUw1ZKIjCsAwQzjsT5f7mg37HVo1 - Failed to load resource: the server responded with a status of 500 ()","service":"https://maxerapmimiaer.info/home/agreement"}
{"level":"error","message":"https://maxerapmimiaer.info/Content/css_custom?v=rfxcD2i6tGX--5BbKWlfourfUis8FntCIieTk3x-q5k1 - Failed to load resource: the server responded with a status of 500 ()","service":"https://maxerapmimiaer.info/home/agreement"}
{"level":"error","message":"https://maxerapmimiaer.info/bundles/modernizr?v=inCVuEFe6J4Q07A0AcRsbJic_UE5MwpRMNGcOtk94TE1 - Failed to load resource: the server responded with a status of 500 ()","service":"https://maxerapmimiaer.info/home/agreement"}
{"level":"error","message":"https://maxerapmimiaer.info/bundles/jquery?v=vC5U_Tp8RN30uo0SNykFjzJcAC7J5IlZNAp5kXgMHww1 - Failed to load resource: the server responded with a status of 500 ()","service":"https://maxerapmimiaer.info/home/agreement"}
{"level":"error","message":"https://maxerapmimiaer.info/bundles/bootstrap?v=-ktyuuYVm8reiCqek-REkH9kFQQZ53F1Ay-TXz9RIew1 - Failed to load resource: the server responded with a status of 500 ()","service":"https://maxerapmimiaer.info/home/agreement"}
{"level":"error","message":"https://maxerapmimiaer.info/bundles/jqueryval?v=KyQhYRVwcdlz57wYM_44uS1Wf6ZLZRm1Sqgdi6YjJtk1 - Failed to load resource: the server responded with a status of 500 ()","service":"https://maxerapmimiaer.info/home/agreement"}
{"level":"error","message":"https://maxerapmimiaer.info/bundles/js_custom?v=DibtjpPfkzLUnG8Osh9jfNZeLU5Van_8z4F-Up0kH9A1 - Failed to load resource: the server responded with a status of 500 ()","service":"https://maxerapmimiaer.info/home/agreement"}
{"level":"error","message":"https://maxerapmimiaer.info/home/agreement 367:8 Uncaught ReferenceError: $ is not defined","service":"https://maxerapmimiaer.info/home/agreement"}
{"level":"error","message":"https://maxerapmimiaer.info/Content/css?v=7TaFCWRaP5-5aDLfUUw1ZKIjCsAwQzjsT5f7mg37HVo1 - Failed to load resource: the server responded with a status of 500 ()","service":"https://maxerapmimiaer.info/home/risk"}
{"level":"error","message":"https://maxerapmimiaer.info/Content/css_custom?v=rfxcD2i6tGX--5BbKWlfourfUis8FntCIieTk3x-q5k1 - Failed to load resource: the server responded with a status of 500 ()","service":"https://maxerapmimiaer.info/home/risk"}
{"level":"error","message":"https://maxerapmimiaer.info/bundles/modernizr?v=inCVuEFe6J4Q07A0AcRsbJic_UE5MwpRMNGcOtk94TE1 - Failed to load resource: the server responded with a status of 500 ()","service":"https://maxerapmimiaer.info/home/risk"}
{"level":"error","message":"https://maxerapmimiaer.info/bundles/jquery?v=vC5U_Tp8RN30uo0SNykFjzJcAC7J5IlZNAp5kXgMHww1 - Failed to load resource: the server responded with a status of 500 ()","service":"https://maxerapmimiaer.info/home/risk"}
{"level":"error","message":"https://maxerapmimiaer.info/bundles/bootstrap?v=-ktyuuYVm8reiCqek-REkH9kFQQZ53F1Ay-TXz9RIew1 - Failed to load resource: the server responded with a status of 500 ()","service":"https://maxerapmimiaer.info/home/risk"}
{"level":"error","message":"https://maxerapmimiaer.info/bundles/jqueryval?v=KyQhYRVwcdlz57wYM_44uS1Wf6ZLZRm1Sqgdi6YjJtk1 - Failed to load resource: the server responded with a status of 500 ()","service":"https://maxerapmimiaer.info/home/risk"}
{"level":"error","message":"https://maxerapmimiaer.info/bundles/js_custom?v=DibtjpPfkzLUnG8Osh9jfNZeLU5Van_8z4F-Up0kH9A1 - Failed to load resource: the server responded with a status of 500 ()","service":"https://maxerapmimiaer.info/home/risk"}
{"level":"error","message":"https://maxerapmimiaer.info/bundles/jquery?v=vC5U_Tp8RN30uo0SNykFjzJcAC7J5IlZNAp5kXgMHww1 - Failed to load resource: the server responded with a status of 500 ()","service":"https://maxerapmimiaer.info/home/risk"}
{"level":"error","message":"https://maxerapmimiaer.info/bundles/bootstrap?v=-ktyuuYVm8reiCqek-REkH9kFQQZ53F1Ay-TXz9RIew1 - Failed to load resource: the server responded with a status of 500 ()","service":"https://maxerapmimiaer.info/home/risk"}
{"level":"error","message":"https://maxerapmimiaer.info/bundles/jqueryval?v=KyQhYRVwcdlz57wYM_44uS1Wf6ZLZRm1Sqgdi6YjJtk1 - Failed to load resource: the server responded with a status of 500 ()","service":"https://maxerapmimiaer.info/home/risk"}
{"level":"error","message":"https://maxerapmimiaer.info/bundles/js_custom?v=DibtjpPfkzLUnG8Osh9jfNZeLU5Van_8z4F-Up0kH9A1 - Failed to load resource: the server responded with a status of 500 ()","service":"https://maxerapmimiaer.info/home/risk"}
{"level":"error","message":"https://maxerapmimiaer.info/home/risk 173:8 Uncaught ReferenceError: $ is not defined","service":"https://maxerapmimiaer.info/home/risk"}
{"level":"error","message":"https://maxerasmiaer.info/Content/css?v=7TaFCWRaP5-5aDLfUUw1ZKIjCsAwQzjsT5f7mg37HVo1 - Failed to load resource: the server responded with a status of 500 ()","service":"https://maxerasmiaer.info/home/agreement"}
{"level":"error","message":"https://maxerasmiaer.info/Content/css_custom?v=rfxcD2i6tGX--5BbKWlfourfUis8FntCIieTk3x-q5k1 - Failed to load resource: the server responded with a status of 500 ()","service":"https://maxerasmiaer.info/home/agreement"}
{"level":"error","message":"https://maxerasmiaer.info/bundles/modernizr?v=inCVuEFe6J4Q07A0AcRsbJic_UE5MwpRMNGcOtk94TE1 - Failed to load resource: the server responded with a status of 500 ()","service":"https://maxerasmiaer.info/home/agreement"}
{"level":"error","message":"https://maxerasmiaer.info/bundles/jquery?v=vC5U_Tp8RN30uo0SNykFjzJcAC7J5IlZNAp5kXgMHww1 - Failed to load resource: the server responded with a status of 500 ()","service":"https://maxerasmiaer.info/home/agreement"}
{"level":"error","message":"https://maxerasmiaer.info/bundles/bootstrap?v=-ktyuuYVm8reiCqek-REkH9kFQQZ53F1Ay-TXz9RIew1 - Failed to load resource: the server responded with a status of 500 ()","service":"https://maxerasmiaer.info/home/agreement"}
{"level":"error","message":"https://maxerasmiaer.info/bundles/jqueryval?v=KyQhYRVwcdlz57wYM_44uS1Wf6ZLZRm1Sqgdi6YjJtk1 - Failed to load resource: the server responded with a status of 500 ()","service":"https://maxerasmiaer.info/home/agreement"}
{"level":"error","message":"https://maxerasmiaer.info/bundles/js_custom?v=DibtjpPfkzLUnG8Osh9jfNZeLU5Van_8z4F-Up0kH9A1 - Failed to load resource: the server responded with a status of 500 ()","service":"https://maxerasmiaer.info/home/agreement"}
{"level":"error","message":"https://maxerasmiaer.info/Content/css?v=7TaFCWRaP5-5aDLfUUw1ZKIjCsAwQzjsT5f7mg37HVo1 - Failed to load resource: the server responded with a status of 500 ()","service":"https://maxerasmiaer.info/home/agreement"}
{"level":"error","message":"https://maxerasmiaer.info/Content/css_custom?v=rfxcD2i6tGX--5BbKWlfourfUis8FntCIieTk3x-q5k1 - Failed to load resource: the server responded with a status of 500 ()","service":"https://maxerasmiaer.info/home/agreement"}
{"level":"error","message":"https://maxerasmiaer.info/bundles/modernizr?v=inCVuEFe6J4Q07A0AcRsbJic_UE5MwpRMNGcOtk94TE1 - Failed to load resource: the server responded with a status of 500 ()","service":"https://maxerasmiaer.info/home/agreement"}
{"level":"error","message":"https://maxerasmiaer.info/bundles/jquery?v=vC5U_Tp8RN30uo0SNykFjzJcAC7J5IlZNAp5kXgMHww1 - Failed to load resource: the server responded with a status of 500 ()","service":"https://maxerasmiaer.info/home/agreement"}
{"level":"error","message":"https://maxerasmiaer.info/bundles/bootstrap?v=-ktyuuYVm8reiCqek-REkH9kFQQZ53F1Ay-TXz9RIew1 - Failed to load resource: the server responded with a status of 500 ()","service":"https://maxerasmiaer.info/home/agreement"}
{"level":"error","message":"https://maxerasmiaer.info/bundles/jqueryval?v=KyQhYRVwcdlz57wYM_44uS1Wf6ZLZRm1Sqgdi6YjJtk1 - Failed to load resource: the server responded with a status of 500 ()","service":"https://maxerasmiaer.info/home/agreement"}
{"level":"error","message":"https://maxerasmiaer.info/bundles/js_custom?v=DibtjpPfkzLUnG8Osh9jfNZeLU5Van_8z4F-Up0kH9A1 - Failed to load resource: the server responded with a status of 500 ()","service":"https://maxerasmiaer.info/home/agreement"}
{"level":"error","message":"https://maxerasmiaer.info/home/agreement 367:8 Uncaught ReferenceError: $ is not defined","service":"https://maxerasmiaer.info/home/agreement"}
{"level":"error","message":"https://maxerapmimiaer.info/Content/css?v=7TaFCWRaP5-5aDLfUUw1ZKIjCsAwQzjsT5f7mg37HVo1 - Failed to load resource: the server responded with a status of 500 ()","service":"https://maxerapmimiaer.info/home/policy"}
{"level":"error","message":"https://maxerapmimiaer.info/Content/css_custom?v=rfxcD2i6tGX--5BbKWlfourfUis8FntCIieTk3x-q5k1 - Failed to load resource: the server responded with a status of 500 ()","service":"https://maxerapmimiaer.info/home/policy"}
{"level":"error","message":"https://maxerapmimiaer.info/bundles/modernizr?v=inCVuEFe6J4Q07A0AcRsbJic_UE5MwpRMNGcOtk94TE1 - Failed to load resource: the server responded with a status of 500 ()","service":"https://maxerapmimiaer.info/home/policy"}
{"level":"error","message":"https://maxerapmimiaer.info/bundles/jquery?v=vC5U_Tp8RN30uo0SNykFjzJcAC7J5IlZNAp5kXgMHww1 - Failed to load resource: the server responded with a status of 500 ()","service":"https://maxerapmimiaer.info/home/policy"}
{"level":"error","message":"https://maxerapmimiaer.info/bundles/bootstrap?v=-ktyuuYVm8reiCqek-REkH9kFQQZ53F1Ay-TXz9RIew1 - Failed to load resource: the server responded with a status of 500 ()","service":"https://maxerapmimiaer.info/home/policy"}
{"level":"error","message":"https://maxerapmimiaer.info/bundles/jqueryval?v=KyQhYRVwcdlz57wYM_44uS1Wf6ZLZRm1Sqgdi6YjJtk1 - Failed to load resource: the server responded with a status of 500 ()","service":"https://maxerapmimiaer.info/home/policy"}
{"level":"error","message":"https://maxerapmimiaer.info/bundles/js_custom?v=DibtjpPfkzLUnG8Osh9jfNZeLU5Van_8z4F-Up0kH9A1 - Failed to load resource: the server responded with a status of 500 ()","service":"https://maxerapmimiaer.info/home/policy"}
{"level":"error","message":"https://maxerapmimiaer.info/bundles/jquery?v=vC5U_Tp8RN30uo0SNykFjzJcAC7J5IlZNAp5kXgMHww1 - Failed to load resource: the server responded with a status of 500 ()","service":"https://maxerapmimiaer.info/home/policy"}
{"level":"error","message":"https://maxerapmimiaer.info/bundles/bootstrap?v=-ktyuuYVm8reiCqek-REkH9kFQQZ53F1Ay-TXz9RIew1 - Failed to load resource: the server responded with a status of 500 ()","service":"https://maxerapmimiaer.info/home/policy"}
{"level":"error","message":"https://maxerapmimiaer.info/bundles/jqueryval?v=KyQhYRVwcdlz57wYM_44uS1Wf6ZLZRm1Sqgdi6YjJtk1 - Failed to load resource: the server responded with a status of 500 ()","service":"https://maxerapmimiaer.info/home/policy"}
{"level":"error","message":"https://maxerapmimiaer.info/bundles/js_custom?v=DibtjpPfkzLUnG8Osh9jfNZeLU5Van_8z4F-Up0kH9A1 - Failed to load resource: the server responded with a status of 500 ()","service":"https://maxerapmimiaer.info/home/policy"}
{"level":"error","message":"https://maxerapmimiaer.info/home/policy 235:8 Uncaught ReferenceError: $ is not defined","service":"https://maxerapmimiaer.info/home/policy"}
{"level":"error","message":"https://maxermamiaer.info/bundles/jquery.js 0 Resource requests whose URLs contained both removed whitespace (`\\n`, `\\r`, `\\t`) characters and less-than characters (`<`) are blocked. Please remove newlines and encode less-than characters from places like element attribute values in order to load these resources. See https://www.chromestatus.com/feature/5735596811091968 for more details.","service":"https://maxermamiaer.info/"}
{"level":"error","message":"https://maxerasmiaer.info/Content/css?v=7TaFCWRaP5-5aDLfUUw1ZKIjCsAwQzjsT5f7mg37HVo1 - Failed to load resource: the server responded with a status of 500 ()","service":"https://maxerasmiaer.info/home/risk"}
{"level":"error","message":"https://maxerasmiaer.info/Content/css_custom?v=rfxcD2i6tGX--5BbKWlfourfUis8FntCIieTk3x-q5k1 - Failed to load resource: the server responded with a status of 500 ()","service":"https://maxerasmiaer.info/home/risk"}
{"level":"error","message":"https://maxerasmiaer.info/bundles/modernizr?v=inCVuEFe6J4Q07A0AcRsbJic_UE5MwpRMNGcOtk94TE1 - Failed to load resource: the server responded with a status of 500 ()","service":"https://maxerasmiaer.info/home/risk"}
{"level":"error","message":"https://maxerasmiaer.info/bundles/jquery?v=vC5U_Tp8RN30uo0SNykFjzJcAC7J5IlZNAp5kXgMHww1 - Failed to load resource: the server responded with a status of 500 ()","service":"https://maxerasmiaer.info/home/risk"}
{"level":"error","message":"https://maxerasmiaer.info/bundles/bootstrap?v=-ktyuuYVm8reiCqek-REkH9kFQQZ53F1Ay-TXz9RIew1 - Failed to load resource: the server responded with a status of 500 ()","service":"https://maxerasmiaer.info/home/risk"}
{"level":"error","message":"https://maxerasmiaer.info/bundles/jqueryval?v=KyQhYRVwcdlz57wYM_44uS1Wf6ZLZRm1Sqgdi6YjJtk1 - Failed to load resource: the server responded with a status of 500 ()","service":"https://maxerasmiaer.info/home/risk"}
{"level":"error","message":"https://maxerasmiaer.info/bundles/js_custom?v=DibtjpPfkzLUnG8Osh9jfNZeLU5Van_8z4F-Up0kH9A1 - Failed to load resource: the server responded with a status of 500 ()","service":"https://maxerasmiaer.info/home/risk"}
{"level":"error","message":"https://maxerasmiaer.info/Content/css?v=7TaFCWRaP5-5aDLfUUw1ZKIjCsAwQzjsT5f7mg37HVo1 - Failed to load resource: the server responded with a status of 500 ()","service":"https://maxerasmiaer.info/home/risk"}
{"level":"error","message":"https://maxerasmiaer.info/Content/css_custom?v=rfxcD2i6tGX--5BbKWlfourfUis8FntCIieTk3x-q5k1 - Failed to load resource: the server responded with a status of 500 ()","service":"https://maxerasmiaer.info/home/risk"}
{"level":"error","message":"https://maxerasmiaer.info/bundles/modernizr?v=inCVuEFe6J4Q07A0AcRsbJic_UE5MwpRMNGcOtk94TE1 - Failed to load resource: the server responded with a status of 500 ()","service":"https://maxerasmiaer.info/home/risk"}
{"level":"error","message":"https://maxerasmiaer.info/bundles/jquery?v=vC5U_Tp8RN30uo0SNykFjzJcAC7J5IlZNAp5kXgMHww1 - Failed to load resource: the server responded with a status of 500 ()","service":"https://maxerasmiaer.info/home/risk"}
{"level":"error","message":"https://maxerasmiaer.info/bundles/bootstrap?v=-ktyuuYVm8reiCqek-REkH9kFQQZ53F1Ay-TXz9RIew1 - Failed to load resource: the server responded with a status of 500 ()","service":"https://maxerasmiaer.info/home/risk"}
{"level":"error","message":"https://maxerasmiaer.info/bundles/jqueryval?v=KyQhYRVwcdlz57wYM_44uS1Wf6ZLZRm1Sqgdi6YjJtk1 - Failed to load resource: the server responded with a status of 500 ()","service":"https://maxerasmiaer.info/home/risk"}
{"level":"error","message":"https://maxerasmiaer.info/bundles/js_custom?v=DibtjpPfkzLUnG8Osh9jfNZeLU5Van_8z4F-Up0kH9A1 - Failed to load resource: the server responded with a status of 500 ()","service":"https://maxerasmiaer.info/home/risk"}
{"level":"error","message":"https://maxerasmiaer.info/home/risk 173:8 Uncaught ReferenceError: $ is not defined","service":"https://maxerasmiaer.info/home/risk"}
{"level":"error","message":"https://maxerasmiaer.info/Content/css?v=7TaFCWRaP5-5aDLfUUw1ZKIjCsAwQzjsT5f7mg37HVo1 - Failed to load resource: the server responded with a status of 500 ()","service":"https://maxerasmiaer.info/home/policy"}
{"level":"error","message":"https://maxerasmiaer.info/Content/css_custom?v=rfxcD2i6tGX--5BbKWlfourfUis8FntCIieTk3x-q5k1 - Failed to load resource: the server responded with a status of 500 ()","service":"https://maxerasmiaer.info/home/policy"}
{"level":"error","message":"https://maxerasmiaer.info/bundles/modernizr?v=inCVuEFe6J4Q07A0AcRsbJic_UE5MwpRMNGcOtk94TE1 - Failed to load resource: the server responded with a status of 500 ()","service":"https://maxerasmiaer.info/home/policy"}
{"level":"error","message":"https://maxerasmiaer.info/bundles/jquery?v=vC5U_Tp8RN30uo0SNykFjzJcAC7J5IlZNAp5kXgMHww1 - Failed to load resource: the server responded with a status of 500 ()","service":"https://maxerasmiaer.info/home/policy"}
{"level":"error","message":"https://maxerasmiaer.info/bundles/bootstrap?v=-ktyuuYVm8reiCqek-REkH9kFQQZ53F1Ay-TXz9RIew1 - Failed to load resource: the server responded with a status of 500 ()","service":"https://maxerasmiaer.info/home/policy"}
{"level":"error","message":"https://maxerasmiaer.info/bundles/jqueryval?v=KyQhYRVwcdlz57wYM_44uS1Wf6ZLZRm1Sqgdi6YjJtk1 - Failed to load resource: the server responded with a status of 500 ()","service":"https://maxerasmiaer.info/home/policy"}
{"level":"error","message":"https://maxerasmiaer.info/bundles/js_custom?v=DibtjpPfkzLUnG8Osh9jfNZeLU5Van_8z4F-Up0kH9A1 - Failed to load resource: the server responded with a status of 500 ()","service":"https://maxerasmiaer.info/home/policy"}
{"level":"error","message":"https://maxerasmiaer.info/bundles/jquery?v=vC5U_Tp8RN30uo0SNykFjzJcAC7J5IlZNAp5kXgMHww1 - Failed to load resource: the server responded with a status of 500 ()","service":"https://maxerasmiaer.info/home/policy"}
{"level":"error","message":"https://maxerasmiaer.info/bundles/bootstrap?v=-ktyuuYVm8reiCqek-REkH9kFQQZ53F1Ay-TXz9RIew1 - Failed to load resource: the server responded with a status of 500 ()","service":"https://maxerasmiaer.info/home/policy"}
{"level":"error","message":"https://maxerasmiaer.info/bundles/jqueryval?v=KyQhYRVwcdlz57wYM_44uS1Wf6ZLZRm1Sqgdi6YjJtk1 - Failed to load resource: the server responded with a status of 500 ()","service":"https://maxerasmiaer.info/home/policy"}
{"level":"error","message":"https://maxerasmiaer.info/bundles/js_custom?v=DibtjpPfkzLUnG8Osh9jfNZeLU5Van_8z4F-Up0kH9A1 - Failed to load resource: the server responded with a status of 500 ()","service":"https://maxerasmiaer.info/home/policy"}
{"level":"error","message":"https://maxerasmiaer.info/home/policy 235:8 Uncaught ReferenceError: $ is not defined","service":"https://maxerasmiaer.info/home/policy"}
{"level":"error","message":"https://maxermamiaer.info/Content/css?v=7TaFCWRaP5-5aDLfUUw1ZKIjCsAwQzjsT5f7mg37HVo1 - Failed to load resource: the server responded with a status of 500 ()","service":"https://maxermamiaer.info/home/agreement"}
{"level":"error","message":"https://maxermamiaer.info/Content/css_custom?v=rfxcD2i6tGX--5BbKWlfourfUis8FntCIieTk3x-q5k1 - Failed to load resource: the server responded with a status of 500 ()","service":"https://maxermamiaer.info/home/agreement"}
{"level":"error","message":"https://maxermamiaer.info/bundles/modernizr?v=inCVuEFe6J4Q07A0AcRsbJic_UE5MwpRMNGcOtk94TE1 - Failed to load resource: the server responded with a status of 500 ()","service":"https://maxermamiaer.info/home/agreement"}
{"level":"error","message":"https://maxermamiaer.info/bundles/jquery?v=vC5U_Tp8RN30uo0SNykFjzJcAC7J5IlZNAp5kXgMHww1 - Failed to load resource: the server responded with a status of 500 ()","service":"https://maxermamiaer.info/home/agreement"}
{"level":"error","message":"https://maxermamiaer.info/bundles/bootstrap?v=-ktyuuYVm8reiCqek-REkH9kFQQZ53F1Ay-TXz9RIew1 - Failed to load resource: the server responded with a status of 500 ()","service":"https://maxermamiaer.info/home/agreement"}
{"level":"error","message":"https://maxermamiaer.info/bundles/jqueryval?v=KyQhYRVwcdlz57wYM_44uS1Wf6ZLZRm1Sqgdi6YjJtk1 - Failed to load resource: the server responded with a status of 500 ()","service":"https://maxermamiaer.info/home/agreement"}
{"level":"error","message":"https://maxermamiaer.info/bundles/js_custom?v=DibtjpPfkzLUnG8Osh9jfNZeLU5Van_8z4F-Up0kH9A1 - Failed to load resource: the server responded with a status of 500 ()","service":"https://maxermamiaer.info/home/agreement"}
{"level":"error","message":"https://maxermamiaer.info/home/agreement 367:8 Uncaught ReferenceError: $ is not defined","service":"https://maxermamiaer.info/home/agreement"}
{"level":"error","message":"https://maxerqamidaer.info/bundles/jquery.js 0 Resource requests whose URLs contained both removed whitespace (`\\n`, `\\r`, `\\t`) characters and less-than characters (`<`) are blocked. Please remove newlines and encode less-than characters from places like element attribute values in order to load these resources. See https://www.chromestatus.com/feature/5735596811091968 for more details.","service":"https://maxerqamidaer.info/"}
{"level":"error","message":"https://maxermamiaer.info/Content/css?v=7TaFCWRaP5-5aDLfUUw1ZKIjCsAwQzjsT5f7mg37HVo1 - Failed to load resource: the server responded with a status of 500 ()","service":"https://maxermamiaer.info/home/risk"}
{"level":"error","message":"https://maxermamiaer.info/Content/css_custom?v=rfxcD2i6tGX--5BbKWlfourfUis8FntCIieTk3x-q5k1 - Failed to load resource: the server responded with a status of 500 ()","service":"https://maxermamiaer.info/home/risk"}
{"level":"error","message":"https://maxermamiaer.info/bundles/modernizr?v=inCVuEFe6J4Q07A0AcRsbJic_UE5MwpRMNGcOtk94TE1 - Failed to load resource: the server responded with a status of 500 ()","service":"https://maxermamiaer.info/home/risk"}
{"level":"error","message":"https://maxermamiaer.info/bundles/jquery?v=vC5U_Tp8RN30uo0SNykFjzJcAC7J5IlZNAp5kXgMHww1 - Failed to load resource: the server responded with a status of 500 ()","service":"https://maxermamiaer.info/home/risk"}
{"level":"error","message":"https://maxermamiaer.info/bundles/bootstrap?v=-ktyuuYVm8reiCqek-REkH9kFQQZ53F1Ay-TXz9RIew1 - Failed to load resource: the server responded with a status of 500 ()","service":"https://maxermamiaer.info/home/risk"}
{"level":"error","message":"https://maxermamiaer.info/bundles/jqueryval?v=KyQhYRVwcdlz57wYM_44uS1Wf6ZLZRm1Sqgdi6YjJtk1 - Failed to load resource: the server responded with a status of 500 ()","service":"https://maxermamiaer.info/home/risk"}
{"level":"error","message":"https://maxermamiaer.info/bundles/js_custom?v=DibtjpPfkzLUnG8Osh9jfNZeLU5Van_8z4F-Up0kH9A1 - Failed to load resource: the server responded with a status of 500 ()","service":"https://maxermamiaer.info/home/risk"}
{"level":"error","message":"https://maxermamiaer.info/bundles/jquery?v=vC5U_Tp8RN30uo0SNykFjzJcAC7J5IlZNAp5kXgMHww1 - Failed to load resource: the server responded with a status of 500 ()","service":"https://maxermamiaer.info/home/risk"}
{"level":"error","message":"https://maxermamiaer.info/bundles/bootstrap?v=-ktyuuYVm8reiCqek-REkH9kFQQZ53F1Ay-TXz9RIew1 - Failed to load resource: the server responded with a status of 500 ()","service":"https://maxermamiaer.info/home/risk"}
{"level":"error","message":"https://maxermamiaer.info/bundles/jqueryval?v=KyQhYRVwcdlz57wYM_44uS1Wf6ZLZRm1Sqgdi6YjJtk1 - Failed to load resource: the server responded with a status of 500 ()","service":"https://maxermamiaer.info/home/risk"}
{"level":"error","message":"https://maxermamiaer.info/bundles/js_custom?v=DibtjpPfkzLUnG8Osh9jfNZeLU5Van_8z4F-Up0kH9A1 - Failed to load resource: the server responded with a status of 500 ()","service":"https://maxermamiaer.info/home/risk"}
{"level":"error","message":"https://maxermamiaer.info/home/risk 173:8 Uncaught ReferenceError: $ is not defined","service":"https://maxermamiaer.info/home/risk"}
{"level":"error","message":"https://maxermamiaer.info/Content/css?v=7TaFCWRaP5-5aDLfUUw1ZKIjCsAwQzjsT5f7mg37HVo1 - Failed to load resource: the server responded with a status of 500 ()","service":"https://maxermamiaer.info/home/policy"}
{"level":"error","message":"https://maxermamiaer.info/Content/css_custom?v=rfxcD2i6tGX--5BbKWlfourfUis8FntCIieTk3x-q5k1 - Failed to load resource: the server responded with a status of 500 ()","service":"https://maxermamiaer.info/home/policy"}
{"level":"error","message":"https://maxermamiaer.info/bundles/modernizr?v=inCVuEFe6J4Q07A0AcRsbJic_UE5MwpRMNGcOtk94TE1 - Failed to load resource: the server responded with a status of 500 ()","service":"https://maxermamiaer.info/home/policy"}
{"level":"error","message":"https://maxermamiaer.info/bundles/jquery?v=vC5U_Tp8RN30uo0SNykFjzJcAC7J5IlZNAp5kXgMHww1 - Failed to load resource: the server responded with a status of 500 ()","service":"https://maxermamiaer.info/home/policy"}
{"level":"error","message":"https://maxermamiaer.info/bundles/bootstrap?v=-ktyuuYVm8reiCqek-REkH9kFQQZ53F1Ay-TXz9RIew1 - Failed to load resource: the server responded with a status of 500 ()","service":"https://maxermamiaer.info/home/policy"}
{"level":"error","message":"https://maxermamiaer.info/bundles/jqueryval?v=KyQhYRVwcdlz57wYM_44uS1Wf6ZLZRm1Sqgdi6YjJtk1 - Failed to load resource: the server responded with a status of 500 ()","service":"https://maxermamiaer.info/home/policy"}
{"level":"error","message":"https://maxermamiaer.info/bundles/js_custom?v=DibtjpPfkzLUnG8Osh9jfNZeLU5Van_8z4F-Up0kH9A1 - Failed to load resource: the server responded with a status of 500 ()","service":"https://maxermamiaer.info/home/policy"}
{"level":"error","message":"https://maxermamiaer.info/Content/css?v=7TaFCWRaP5-5aDLfUUw1ZKIjCsAwQzjsT5f7mg37HVo1 - Failed to load resource: the server responded with a status of 500 ()","service":"https://maxermamiaer.info/home/policy"}
{"level":"error","message":"https://maxermamiaer.info/Content/css_custom?v=rfxcD2i6tGX--5BbKWlfourfUis8FntCIieTk3x-q5k1 - Failed to load resource: the server responded with a status of 500 ()","service":"https://maxermamiaer.info/home/policy"}
{"level":"error","message":"https://maxermamiaer.info/bundles/modernizr?v=inCVuEFe6J4Q07A0AcRsbJic_UE5MwpRMNGcOtk94TE1 - Failed to load resource: the server responded with a status of 500 ()","service":"https://maxermamiaer.info/home/policy"}
{"level":"error","message":"https://maxermamiaer.info/bundles/jquery?v=vC5U_Tp8RN30uo0SNykFjzJcAC7J5IlZNAp5kXgMHww1 - Failed to load resource: the server responded with a status of 500 ()","service":"https://maxermamiaer.info/home/policy"}
{"level":"error","message":"https://maxermamiaer.info/bundles/bootstrap?v=-ktyuuYVm8reiCqek-REkH9kFQQZ53F1Ay-TXz9RIew1 - Failed to load resource: the server responded with a status of 500 ()","service":"https://maxermamiaer.info/home/policy"}
{"level":"error","message":"https://maxermamiaer.info/bundles/jqueryval?v=KyQhYRVwcdlz57wYM_44uS1Wf6ZLZRm1Sqgdi6YjJtk1 - Failed to load resource: the server responded with a status of 500 ()","service":"https://maxermamiaer.info/home/policy"}
{"level":"error","message":"https://maxermamiaer.info/bundles/js_custom?v=DibtjpPfkzLUnG8Osh9jfNZeLU5Van_8z4F-Up0kH9A1 - Failed to load resource: the server responded with a status of 500 ()","service":"https://maxermamiaer.info/home/policy"}
{"level":"error","message":"https://maxermamiaer.info/home/policy 235:8 Uncaught ReferenceError: $ is not defined","service":"https://maxermamiaer.info/home/policy"}
{"level":"error","message":"https://maxerqamidaer.info/Content/css?v=7TaFCWRaP5-5aDLfUUw1ZKIjCsAwQzjsT5f7mg37HVo1 - Failed to load resource: the server responded with a status of 500 ()","service":"https://maxerqamidaer.info/home/agreement"}
{"level":"error","message":"https://maxerqamidaer.info/Content/css_custom?v=rfxcD2i6tGX--5BbKWlfourfUis8FntCIieTk3x-q5k1 - Failed to load resource: the server responded with a status of 500 ()","service":"https://maxerqamidaer.info/home/agreement"}
{"level":"error","message":"https://maxerqamidaer.info/bundles/modernizr?v=inCVuEFe6J4Q07A0AcRsbJic_UE5MwpRMNGcOtk94TE1 - Failed to load resource: the server responded with a status of 500 ()","service":"https://maxerqamidaer.info/home/agreement"}
{"level":"error","message":"https://maxerqamidaer.info/bundles/jquery?v=vC5U_Tp8RN30uo0SNykFjzJcAC7J5IlZNAp5kXgMHww1 - Failed to load resource: the server responded with a status of 500 ()","service":"https://maxerqamidaer.info/home/agreement"}
{"level":"error","message":"https://maxerqamidaer.info/bundles/bootstrap?v=-ktyuuYVm8reiCqek-REkH9kFQQZ53F1Ay-TXz9RIew1 - Failed to load resource: the server responded with a status of 500 ()","service":"https://maxerqamidaer.info/home/agreement"}
{"level":"error","message":"https://maxerqamidaer.info/bundles/jqueryval?v=KyQhYRVwcdlz57wYM_44uS1Wf6ZLZRm1Sqgdi6YjJtk1 - Failed to load resource: the server responded with a status of 500 ()","service":"https://maxerqamidaer.info/home/agreement"}
{"level":"error","message":"https://maxerqamidaer.info/bundles/js_custom?v=DibtjpPfkzLUnG8Osh9jfNZeLU5Van_8z4F-Up0kH9A1 - Failed to load resource: the server responded with a status of 500 ()","service":"https://maxerqamidaer.info/home/agreement"}
{"level":"error","message":"https://maxerqamidaer.info/home/agreement 367:8 Uncaught ReferenceError: $ is not defined","service":"https://maxerqamidaer.info/home/agreement"}
{"level":"error","message":"https://maxjerkamjiaer.info/bundles/jquery.js 0 Resource requests whose URLs contained both removed whitespace (`\\n`, `\\r`, `\\t`) characters and less-than characters (`<`) are blocked. Please remove newlines and encode less-than characters from places like element attribute values in order to load these resources. See https://www.chromestatus.com/feature/5735596811091968 for more details.","service":"https://maxjerkamjiaer.info/"}
{"level":"error","message":"https://maxerqamidaer.info/Content/css?v=7TaFCWRaP5-5aDLfUUw1ZKIjCsAwQzjsT5f7mg37HVo1 - Failed to load resource: the server responded with a status of 500 ()","service":"https://maxerqamidaer.info/home/risk"}
{"level":"error","message":"https://maxerqamidaer.info/Content/css_custom?v=rfxcD2i6tGX--5BbKWlfourfUis8FntCIieTk3x-q5k1 - Failed to load resource: the server responded with a status of 500 ()","service":"https://maxerqamidaer.info/home/risk"}
{"level":"error","message":"https://maxerqamidaer.info/bundles/modernizr?v=inCVuEFe6J4Q07A0AcRsbJic_UE5MwpRMNGcOtk94TE1 - Failed to load resource: the server responded with a status of 500 ()","service":"https://maxerqamidaer.info/home/risk"}
{"level":"error","message":"https://maxerqamidaer.info/bundles/jquery?v=vC5U_Tp8RN30uo0SNykFjzJcAC7J5IlZNAp5kXgMHww1 - Failed to load resource: the server responded with a status of 500 ()","service":"https://maxerqamidaer.info/home/risk"}
{"level":"error","message":"https://maxerqamidaer.info/bundles/bootstrap?v=-ktyuuYVm8reiCqek-REkH9kFQQZ53F1Ay-TXz9RIew1 - Failed to load resource: the server responded with a status of 500 ()","service":"https://maxerqamidaer.info/home/risk"}
{"level":"error","message":"https://maxerqamidaer.info/bundles/jqueryval?v=KyQhYRVwcdlz57wYM_44uS1Wf6ZLZRm1Sqgdi6YjJtk1 - Failed to load resource: the server responded with a status of 500 ()","service":"https://maxerqamidaer.info/home/risk"}
{"level":"error","message":"https://maxerqamidaer.info/bundles/js_custom?v=DibtjpPfkzLUnG8Osh9jfNZeLU5Van_8z4F-Up0kH9A1 - Failed to load resource: the server responded with a status of 500 ()","service":"https://maxerqamidaer.info/home/risk"}
{"level":"error","message":"https://maxerqamidaer.info/Content/css?v=7TaFCWRaP5-5aDLfUUw1ZKIjCsAwQzjsT5f7mg37HVo1 - Failed to load resource: net::ERR_CONNECTION_RESET","service":"https://maxerqamidaer.info/home/risk"}
{"level":"error","message":"https://maxerqamidaer.info/Content/css_custom?v=rfxcD2i6tGX--5BbKWlfourfUis8FntCIieTk3x-q5k1 - Failed to load resource: net::ERR_CONNECTION_RESET","service":"https://maxerqamidaer.info/home/risk"}
{"level":"error","message":"https://maxerqamidaer.info/bundles/modernizr?v=inCVuEFe6J4Q07A0AcRsbJic_UE5MwpRMNGcOtk94TE1 - Failed to load resource: net::ERR_CONNECTION_RESET","service":"https://maxerqamidaer.info/home/risk"}
{"level":"error","message":"https://maxerqamidaer.info/bundles/jquery?v=vC5U_Tp8RN30uo0SNykFjzJcAC7J5IlZNAp5kXgMHww1 - Failed to load resource: net::ERR_CONNECTION_RESET","service":"https://maxerqamidaer.info/home/risk"}
{"level":"error","message":"https://maxerqamidaer.info/bundles/bootstrap?v=-ktyuuYVm8reiCqek-REkH9kFQQZ53F1Ay-TXz9RIew1 - Failed to load resource: net::ERR_CONNECTION_RESET","service":"https://maxerqamidaer.info/home/risk"}
{"level":"error","message":"https://maxerqamidaer.info/bundles/jqueryval?v=KyQhYRVwcdlz57wYM_44uS1Wf6ZLZRm1Sqgdi6YjJtk1 - Failed to load resource: net::ERR_CONNECTION_RESET","service":"https://maxerqamidaer.info/home/risk"}
{"level":"error","message":"https://maxerqamidaer.info/bundles/js_custom?v=DibtjpPfkzLUnG8Osh9jfNZeLU5Van_8z4F-Up0kH9A1 - Failed to load resource: net::ERR_CONNECTION_RESET","service":"https://maxerqamidaer.info/home/risk"}
{"level":"error","message":"https://maxerqamidaer.info/home/risk 173:8 Uncaught ReferenceError: $ is not defined","service":"https://maxerqamidaer.info/home/risk"}
